<?xml version="1.0" encoding="UTF-8"?>
<!-- Generated by org.testng.reporters.JUnitReportReporter -->
<testsuite hostname="DESKTOP-JAP4662" failures="0" tests="2" name="org.TestNG1.AnnotationsEx2" time="0.015" errors="0" timestamp="2022-08-07T04:34:05 PDT" skipped="0">
  <testcase classname="org.TestNG1.AnnotationsEx2" name="test1" time="0.012"/>
  <system-out/>
  <testcase classname="org.TestNG1.AnnotationsEx2" name="test2" time="0.003"/>
  <system-out/>
</testsuite> <!-- org.TestNG1.AnnotationsEx2 -->
