<?xml version="1.0" encoding="UTF-8"?>
<!-- Generated by org.testng.reporters.JUnitReportReporter -->
<testsuite hostname="DESKTOP-JAP4662" failures="0" tests="1" name="org.TestNG.Ex1" time="0.017" errors="0" timestamp="2022-08-01T09:10:48 PDT" skipped="0">
  <testcase classname="org.TestNG.Ex1" name="Test1" time="0.017"/>
  <system-out/>
</testsuite> <!-- org.TestNG.Ex1 -->
