<?xml version="1.0" encoding="UTF-8"?>
<!-- Generated by org.testng.reporters.JUnitReportReporter -->
<testsuite hostname="DESKTOP-JAP4662" failures="0" tests="8" name="org.TestNG.PriorityEx3" time="0.049" errors="0" timestamp="2022-08-03T07:51:23 PDT" skipped="0">
  <testcase classname="org.TestNG.PriorityEx3" name="login" time="0.016"/>
  <system-out/>
  <testcase classname="org.TestNG.PriorityEx3" name="deletCustomer" time="0.005"/>
  <system-out/>
  <testcase classname="org.TestNG.PriorityEx3" name="updateCustomer" time="0.003"/>
  <system-out/>
  <testcase classname="org.TestNG.PriorityEx3" name="creatCustomer" time="0.005"/>
  <system-out/>
  <testcase classname="org.TestNG.PriorityEx3" name="UpdateCustomer" time="0.002"/>
  <system-out/>
  <testcase classname="org.TestNG.PriorityEx3" name="CreatCustomer" time="0.003"/>
  <system-out/>
  <testcase classname="org.TestNG.PriorityEx3" name="DeleteCustomer" time="0.005"/>
  <system-out/>
  <testcase classname="org.TestNG.PriorityEx3" name="logout" time="0.010"/>
  <system-out/>
</testsuite> <!-- org.TestNG.PriorityEx3 -->
