<?xml version="1.0" encoding="UTF-8"?>
<!-- Generated by org.testng.reporters.JUnitReportReporter -->
<testsuite hostname="DESKTOP-JAP4662" failures="0" tests="3" name="org.TestNG1.AccountTc1" time="0.023" errors="0" timestamp="2022-08-07T06:15:36 PDT" skipped="0">
  <testcase classname="org.TestNG1.AccountTc1" name="deleteAccount" time="0.003"/>
  <system-out/>
  <testcase classname="org.TestNG1.AccountTc1" name="creatAccount" time="0.016"/>
  <system-out/>
  <testcase classname="org.TestNG1.AccountTc1" name="updateAccount" time="0.004"/>
  <system-out/>
</testsuite> <!-- org.TestNG1.AccountTc1 -->
