<?xml version="1.0" encoding="UTF-8"?>
<!-- Generated by org.testng.reporters.JUnitReportReporter -->
<testsuite hostname="DESKTOP-JAP4662" failures="0" tests="3" name="org.TestNG.Ex2" time="0.038" errors="0" timestamp="2022-08-01T09:14:31 PDT" skipped="0">
  <testcase classname="org.TestNG.Ex2" name="Test3" time="0.005"/>
  <system-out/>
  <testcase classname="org.TestNG.Ex2" name="Test1" time="0.027"/>
  <system-out/>
  <testcase classname="org.TestNG.Ex2" name="Test2" time="0.006"/>
  <system-out/>
</testsuite> <!-- org.TestNG.Ex2 -->
