<?xml version="1.0" encoding="UTF-8"?>
<!-- Generated by org.testng.reporters.JUnitReportReporter -->
<testsuite hostname="DESKTOP-JAP4662" failures="0" tests="3" name="org.TestNG1.AccountTc2" time="0.007" errors="0" timestamp="2022-08-07T06:15:26 PDT" skipped="0">
  <testcase classname="org.TestNG1.AccountTc2" name="creatAccount" time="0.003"/>
  <system-out/>
  <testcase classname="org.TestNG1.AccountTc2" name="updateAccount" time="0.002"/>
  <system-out/>
  <testcase classname="org.TestNG1.AccountTc2" name="deleteAccount" time="0.002"/>
  <system-out/>
</testsuite> <!-- org.TestNG1.AccountTc2 -->
