<?xml version="1.0" encoding="UTF-8"?>
<!-- Generated by org.testng.reporters.JUnitReportReporter -->
<testsuite hostname="DESKTOP-JAP4662" failures="0" tests="3" name="org.TestNG1.CustomerTC2" time="0.018" errors="0" timestamp="2022-08-07T06:15:26 PDT" skipped="0">
  <testcase classname="org.TestNG1.CustomerTC2" name="deleteCustomer" time="0.002"/>
  <system-out/>
  <testcase classname="org.TestNG1.CustomerTC2" name="updateCustomer" time="0.005"/>
  <system-out/>
  <testcase classname="org.TestNG1.CustomerTC2" name="creatCustomer" time="0.011"/>
  <system-out/>
</testsuite> <!-- org.TestNG1.CustomerTC2 -->
