<?xml version="1.0" encoding="UTF-8"?>
<!-- Generated by org.testng.reporters.JUnitReportReporter -->
<testsuite hostname="DESKTOP-JAP4662" failures="0" tests="8" name="org.TestNG.ExecutionSequenceEx1" time="0.047" errors="0" timestamp="2022-08-01T09:41:54 PDT" skipped="0">
  <testcase classname="org.TestNG.ExecutionSequenceEx1" name="UpdateCustomer" time="0.004"/>
  <system-out/>
  <testcase classname="org.TestNG.ExecutionSequenceEx1" name="login" time="0.004"/>
  <system-out/>
  <testcase classname="org.TestNG.ExecutionSequenceEx1" name="CreatCustomer" time="0.019"/>
  <system-out/>
  <testcase classname="org.TestNG.ExecutionSequenceEx1" name="logout" time="0.003"/>
  <system-out/>
  <testcase classname="org.TestNG.ExecutionSequenceEx1" name="updateCustomer" time="0.006"/>
  <system-out/>
  <testcase classname="org.TestNG.ExecutionSequenceEx1" name="DeleteCustomer" time="0.003"/>
  <system-out/>
  <testcase classname="org.TestNG.ExecutionSequenceEx1" name="creatCustomer" time="0.003"/>
  <system-out/>
  <testcase classname="org.TestNG.ExecutionSequenceEx1" name="deleteCustomer" time="0.005"/>
  <system-out/>
</testsuite> <!-- org.TestNG.ExecutionSequenceEx1 -->
