<?xml version="1.0" encoding="UTF-8"?>
<!-- Generated by org.testng.reporters.JUnitReportReporter -->
<testsuite hostname="DESKTOP-JAP4662" failures="0" tests="3" name="org.TestNG.Ex3" time="0.022" errors="0" timestamp="2022-08-01T09:19:54 PDT" skipped="0">
  <testcase classname="org.TestNG.Ex3" name="Test2" time="0.002"/>
  <system-out/>
  <testcase classname="org.TestNG.Ex3" name="Test1" time="0.017"/>
  <system-out/>
  <testcase classname="org.TestNG.Ex3" name="Test3" time="0.003"/>
  <system-out/>
</testsuite> <!-- org.TestNG.Ex3 -->
