<?xml version="1.0" encoding="UTF-8"?>
<!-- Generated by org.testng.reporters.JUnitReportReporter -->
<testsuite hostname="DESKTOP-JAP4662" failures="0" tests="8" name="org.TestNG.PriorityEx2" time="0.038" errors="0" timestamp="2022-08-03T07:47:54 PDT" skipped="0">
  <testcase classname="org.TestNG.PriorityEx2" name="login" time="0.017"/>
  <system-out/>
  <testcase classname="org.TestNG.PriorityEx2" name="updateCustomer" time="0.004"/>
  <system-out/>
  <testcase classname="org.TestNG.PriorityEx2" name="UpdateCustomer" time="0.004"/>
  <system-out/>
  <testcase classname="org.TestNG.PriorityEx2" name="creatCustomer" time="0.004"/>
  <system-out/>
  <testcase classname="org.TestNG.PriorityEx2" name="CreatCustomer" time="0.003"/>
  <system-out/>
  <testcase classname="org.TestNG.PriorityEx2" name="DeleteCustomer" time="0.002"/>
  <system-out/>
  <testcase classname="org.TestNG.PriorityEx2" name="deletCustomer" time="0.002"/>
  <system-out/>
  <testcase classname="org.TestNG.PriorityEx2" name="logout" time="0.002"/>
  <system-out/>
</testsuite> <!-- org.TestNG.PriorityEx2 -->
